2024-07-11 10:48:11.702  INFO 7235 --- [restartedMain] cn.rich.community.CommunityApplication   : Starting CommunityApplication on richdeMacBook-Pro.local with PID 7235 (/Users/rich/Documents/IdeaProjects/blogForum/target/classes started by rich in /Users/rich/Documents/IdeaProjects/blogForum)
2024-07-11 10:48:11.704  INFO 7235 --- [restartedMain] cn.rich.community.CommunityApplication   : No active profile set, falling back to default profiles: default
2024-07-11 10:48:12.048  INFO 7235 --- [restartedMain] .s.d.r.c.RepositoryConfigurationDelegate : Multiple Spring Data modules found, entering strict repository configuration mode!
2024-07-11 10:48:12.051  INFO 7235 --- [restartedMain] .s.d.r.c.RepositoryConfigurationDelegate : Bootstrapping Spring Data repositories in DEFAULT mode.
2024-07-11 10:48:12.064  INFO 7235 --- [restartedMain] .s.d.r.c.RepositoryConfigurationDelegate : Finished Spring Data repository scanning in 12ms. Found 0 repository interfaces.
2024-07-11 10:48:12.069  INFO 7235 --- [restartedMain] .s.d.r.c.RepositoryConfigurationDelegate : Multiple Spring Data modules found, entering strict repository configuration mode!
2024-07-11 10:48:12.070  INFO 7235 --- [restartedMain] .s.d.r.c.RepositoryConfigurationDelegate : Bootstrapping Spring Data repositories in DEFAULT mode.
2024-07-11 10:48:12.079  INFO 7235 --- [restartedMain] .s.d.r.c.RepositoryConfigurationDelegate : Finished Spring Data repository scanning in 9ms. Found 0 repository interfaces.
2024-07-11 10:48:12.232  INFO 7235 --- [restartedMain] trationDelegate$BeanPostProcessorChecker : Bean 'org.springframework.kafka.annotation.KafkaBootstrapConfiguration' of type [org.springframework.kafka.annotation.KafkaBootstrapConfiguration$$EnhancerBySpringCGLIB$$61264f92] is not eligible for getting processed by all BeanPostProcessors (for example: not eligible for auto-proxying)
2024-07-11 10:48:12.240  INFO 7235 --- [restartedMain] trationDelegate$BeanPostProcessorChecker : Bean 'org.springframework.transaction.annotation.ProxyTransactionManagementConfiguration' of type [org.springframework.transaction.annotation.ProxyTransactionManagementConfiguration$$EnhancerBySpringCGLIB$$8d743e0f] is not eligible for getting processed by all BeanPostProcessors (for example: not eligible for auto-proxying)
2024-07-11 10:48:12.346  INFO 7235 --- [restartedMain] o.s.b.w.embedded.tomcat.TomcatWebServer  : Tomcat initialized with port(s): 8080 (http)
2024-07-11 10:48:12.349  INFO 7235 --- [restartedMain] o.apache.catalina.core.StandardService   : Starting service [Tomcat]
2024-07-11 10:48:12.349  INFO 7235 --- [restartedMain] org.apache.catalina.core.StandardEngine  : Starting Servlet engine: [Apache Tomcat/9.0.19]
2024-07-11 10:48:12.363  INFO 7235 --- [restartedMain] o.a.c.c.C.[.[localhost].[/community]     : Initializing Spring embedded WebApplicationContext
2024-07-11 10:48:12.364  INFO 7235 --- [restartedMain] o.s.web.context.ContextLoader            : Root WebApplicationContext: initialization completed in 639 ms
2024-07-11 10:48:12.651  INFO 7235 --- [restartedMain] o.s.s.concurrent.ThreadPoolTaskExecutor  : Initializing ExecutorService 'applicationTaskExecutor'
2024-07-11 10:48:12.779  INFO 7235 --- [restartedMain] o.s.s.c.ThreadPoolTaskScheduler          : Initializing ExecutorService 'taskScheduler'
2024-07-11 10:48:12.799  INFO 7235 --- [restartedMain] o.s.b.d.a.OptionalLiveReloadServer       : LiveReload server is running on port 35729
2024-07-11 10:48:12.830  INFO 7235 --- [restartedMain] o.s.b.w.embedded.tomcat.TomcatWebServer  : Tomcat started on port(s): 8080 (http) with context path '/community'
2024-07-11 10:48:12.831  INFO 7235 --- [restartedMain] cn.rich.community.CommunityApplication   : Started CommunityApplication in 1.226 seconds (JVM running for 153.886)
2024-07-11 10:48:12.840  INFO 7235 --- [restartedMain] .ConditionEvaluationDeltaLoggingListener : Condition evaluation unchanged
2024-07-11 10:49:44.071  INFO 7235 --- [Thread-14] o.s.s.c.ThreadPoolTaskScheduler          : Shutting down ExecutorService 'taskScheduler'
2024-07-11 10:49:44.079  INFO 7235 --- [Thread-14] o.s.s.concurrent.ThreadPoolTaskExecutor  : Shutting down ExecutorService 'applicationTaskExecutor'
2024-07-11 10:49:47.838  INFO 8382 --- [restartedMain] cn.rich.community.CommunityApplication   : Starting CommunityApplication on richdeMacBook-Pro.local with PID 8382 (/Users/rich/Documents/IdeaProjects/blogForum/target/classes started by rich in /Users/rich/Documents/IdeaProjects/blogForum)
2024-07-11 10:49:47.840  INFO 8382 --- [restartedMain] cn.rich.community.CommunityApplication   : No active profile set, falling back to default profiles: default
2024-07-11 10:49:47.901  INFO 8382 --- [restartedMain] .e.DevToolsPropertyDefaultsPostProcessor : Devtools property defaults active! Set 'spring.devtools.add-properties' to 'false' to disable
2024-07-11 10:49:47.902  INFO 8382 --- [restartedMain] .e.DevToolsPropertyDefaultsPostProcessor : For additional web related logging consider setting the 'logging.level.web' property to 'DEBUG'
2024-07-11 10:49:48.727  INFO 8382 --- [restartedMain] .s.d.r.c.RepositoryConfigurationDelegate : Multiple Spring Data modules found, entering strict repository configuration mode!
2024-07-11 10:49:48.729  INFO 8382 --- [restartedMain] .s.d.r.c.RepositoryConfigurationDelegate : Bootstrapping Spring Data repositories in DEFAULT mode.
2024-07-11 10:49:48.750  INFO 8382 --- [restartedMain] .s.d.r.c.RepositoryConfigurationDelegate : Finished Spring Data repository scanning in 19ms. Found 0 repository interfaces.
2024-07-11 10:49:48.759  INFO 8382 --- [restartedMain] .s.d.r.c.RepositoryConfigurationDelegate : Multiple Spring Data modules found, entering strict repository configuration mode!
2024-07-11 10:49:48.760  INFO 8382 --- [restartedMain] .s.d.r.c.RepositoryConfigurationDelegate : Bootstrapping Spring Data repositories in DEFAULT mode.
2024-07-11 10:49:48.767  INFO 8382 --- [restartedMain] .s.d.r.c.RepositoryConfigurationDelegate : Finished Spring Data repository scanning in 3ms. Found 0 repository interfaces.
2024-07-11 10:49:49.175  INFO 8382 --- [restartedMain] trationDelegate$BeanPostProcessorChecker : Bean 'org.springframework.kafka.annotation.KafkaBootstrapConfiguration' of type [org.springframework.kafka.annotation.KafkaBootstrapConfiguration$$EnhancerBySpringCGLIB$$de00e73c] is not eligible for getting processed by all BeanPostProcessors (for example: not eligible for auto-proxying)
2024-07-11 10:49:49.222  INFO 8382 --- [restartedMain] trationDelegate$BeanPostProcessorChecker : Bean 'org.springframework.transaction.annotation.ProxyTransactionManagementConfiguration' of type [org.springframework.transaction.annotation.ProxyTransactionManagementConfiguration$$EnhancerBySpringCGLIB$$a4ed5b9] is not eligible for getting processed by all BeanPostProcessors (for example: not eligible for auto-proxying)
2024-07-11 10:49:49.545  INFO 8382 --- [restartedMain] o.s.b.w.embedded.tomcat.TomcatWebServer  : Tomcat initialized with port(s): 8080 (http)
2024-07-11 10:49:49.577  INFO 8382 --- [restartedMain] o.apache.catalina.core.StandardService   : Starting service [Tomcat]
2024-07-11 10:49:49.578  INFO 8382 --- [restartedMain] org.apache.catalina.core.StandardEngine  : Starting Servlet engine: [Apache Tomcat/9.0.19]
2024-07-11 10:49:49.660  INFO 8382 --- [restartedMain] o.a.c.c.C.[.[localhost].[/community]     : Initializing Spring embedded WebApplicationContext
2024-07-11 10:49:49.661  INFO 8382 --- [restartedMain] o.s.web.context.ContextLoader            : Root WebApplicationContext: initialization completed in 1759 ms
2024-07-11 10:49:50.456  INFO 8382 --- [restartedMain] o.s.s.concurrent.ThreadPoolTaskExecutor  : Initializing ExecutorService 'applicationTaskExecutor'
2024-07-11 10:49:50.965  INFO 8382 --- [restartedMain] o.s.s.c.ThreadPoolTaskScheduler          : Initializing ExecutorService 'taskScheduler'
2024-07-11 10:49:51.009  INFO 8382 --- [restartedMain] o.s.b.d.a.OptionalLiveReloadServer       : LiveReload server is running on port 35729
2024-07-11 10:49:51.056  INFO 8382 --- [restartedMain] o.s.b.w.embedded.tomcat.TomcatWebServer  : Tomcat started on port(s): 8080 (http) with context path '/community'
2024-07-11 10:49:51.060  INFO 8382 --- [restartedMain] cn.rich.community.CommunityApplication   : Started CommunityApplication in 3.859 seconds (JVM running for 4.836)
