2024-07-11 09:59:17,544 INFO [Thread-5] o.s.s.c.ThreadPoolTaskScheduler [ExecutorConfigurationSupport.java:208] Shutting down ExecutorService 'taskScheduler'
2024-07-11 09:59:17,568 INFO [Thread-5] o.s.s.c.ThreadPoolTaskExecutor [ExecutorConfigurationSupport.java:208] Shutting down ExecutorService 'applicationTaskExecutor'
2024-07-11 09:59:22,152 INFO [restartedMain] c.r.c.CommunityApplication [StartupInfoLogger.java:50] Starting CommunityApplication on richdeMacBook-Pro.local with PID 93821 (/Users/rich/Documents/IdeaProjects/blogForum/target/classes started by rich in /Users/rich/Documents/IdeaProjects/blogForum)
2024-07-11 09:59:22,155 INFO [restartedMain] c.r.c.CommunityApplication [SpringApplication.java:675] No active profile set, falling back to default profiles: default
2024-07-11 09:59:22,234 INFO [restartedMain] o.s.b.d.e.DevToolsPropertyDefaultsPostProcessor [DeferredLog.java:227] Devtools property defaults active! Set 'spring.devtools.add-properties' to 'false' to disable
2024-07-11 09:59:22,237 INFO [restartedMain] o.s.b.d.e.DevToolsPropertyDefaultsPostProcessor [DeferredLog.java:227] For additional web related logging consider setting the 'logging.level.web' property to 'DEBUG'
2024-07-11 09:59:23,098 INFO [restartedMain] o.s.d.r.c.RepositoryConfigurationDelegate [RepositoryConfigurationDelegate.java:244] Multiple Spring Data modules found, entering strict repository configuration mode!
2024-07-11 09:59:23,100 INFO [restartedMain] o.s.d.r.c.RepositoryConfigurationDelegate [RepositoryConfigurationDelegate.java:126] Bootstrapping Spring Data repositories in DEFAULT mode.
2024-07-11 09:59:23,125 INFO [restartedMain] o.s.d.r.c.RepositoryConfigurationDelegate [RepositoryConfigurationDelegate.java:182] Finished Spring Data repository scanning in 23ms. Found 0 repository interfaces.
2024-07-11 09:59:23,134 INFO [restartedMain] o.s.d.r.c.RepositoryConfigurationDelegate [RepositoryConfigurationDelegate.java:244] Multiple Spring Data modules found, entering strict repository configuration mode!
2024-07-11 09:59:23,138 INFO [restartedMain] o.s.d.r.c.RepositoryConfigurationDelegate [RepositoryConfigurationDelegate.java:126] Bootstrapping Spring Data repositories in DEFAULT mode.
2024-07-11 09:59:23,146 INFO [restartedMain] o.s.d.r.c.RepositoryConfigurationDelegate [RepositoryConfigurationDelegate.java:182] Finished Spring Data repository scanning in 3ms. Found 0 repository interfaces.
2024-07-11 09:59:23,595 INFO [restartedMain] o.s.c.s.PostProcessorRegistrationDelegate$BeanPostProcessorChecker [PostProcessorRegistrationDelegate.java:330] Bean 'org.springframework.kafka.annotation.KafkaBootstrapConfiguration' of type [org.springframework.kafka.annotation.KafkaBootstrapConfiguration$$EnhancerBySpringCGLIB$$5fc88b8b] is not eligible for getting processed by all BeanPostProcessors (for example: not eligible for auto-proxying)
2024-07-11 09:59:23,647 INFO [restartedMain] o.s.c.s.PostProcessorRegistrationDelegate$BeanPostProcessorChecker [PostProcessorRegistrationDelegate.java:330] Bean 'org.springframework.transaction.annotation.ProxyTransactionManagementConfiguration' of type [org.springframework.transaction.annotation.ProxyTransactionManagementConfiguration$$EnhancerBySpringCGLIB$$8c167a08] is not eligible for getting processed by all BeanPostProcessors (for example: not eligible for auto-proxying)
2024-07-11 09:59:23,979 INFO [restartedMain] o.s.b.w.e.t.TomcatWebServer [TomcatWebServer.java:90] Tomcat initialized with port(s): 8080 (http)
2024-07-11 09:59:23,996 INFO [restartedMain] o.a.c.h.Http11NioProtocol [DirectJDKLog.java:173] Initializing ProtocolHandler ["http-nio-8080"]
2024-07-11 09:59:24,010 INFO [restartedMain] o.a.c.c.StandardService [DirectJDKLog.java:173] Starting service [Tomcat]
2024-07-11 09:59:24,011 INFO [restartedMain] o.a.c.c.StandardEngine [DirectJDKLog.java:173] Starting Servlet engine: [Apache Tomcat/9.0.19]
2024-07-11 09:59:24,086 INFO [restartedMain] o.a.c.c.C.[.[.[/community] [DirectJDKLog.java:173] Initializing Spring embedded WebApplicationContext
2024-07-11 09:59:24,086 INFO [restartedMain] o.s.w.c.ContextLoader [ServletWebServerApplicationContext.java:296] Root WebApplicationContext: initialization completed in 1849 ms
2024-07-11 09:59:24,959 INFO [restartedMain] o.s.s.c.ThreadPoolTaskExecutor [ExecutorConfigurationSupport.java:171] Initializing ExecutorService 'applicationTaskExecutor'
2024-07-11 09:59:25,520 INFO [restartedMain] o.s.b.a.s.s.UserDetailsServiceAutoConfiguration [UserDetailsServiceAutoConfiguration.java:87] 

Using generated security password: 0607fba8-3c65-431a-9f8c-eed51cc8bfd8

2024-07-11 09:59:25,553 INFO [restartedMain] o.s.s.w.DefaultSecurityFilterChain [DefaultSecurityFilterChain.java:43] Creating filter chain: Ant [pattern='/resources/**'], []
2024-07-11 09:59:25,577 INFO [restartedMain] o.s.s.w.DefaultSecurityFilterChain [DefaultSecurityFilterChain.java:43] Creating filter chain: any request, [org.springframework.security.web.context.request.async.WebAsyncManagerIntegrationFilter@3e962e42, org.springframework.security.web.context.SecurityContextPersistenceFilter@3e5e1b, org.springframework.security.web.header.HeaderWriterFilter@7dd4ad46, org.springframework.security.web.authentication.logout.LogoutFilter@15c9e494, org.springframework.security.web.savedrequest.RequestCacheAwareFilter@755ab262, org.springframework.security.web.servletapi.SecurityContextHolderAwareRequestFilter@7108647a, org.springframework.security.web.authentication.AnonymousAuthenticationFilter@28021fe3, org.springframework.security.web.session.SessionManagementFilter@563d75e4, org.springframework.security.web.access.ExceptionTranslationFilter@1f325f43, org.springframework.security.web.access.intercept.FilterSecurityInterceptor@3557a0f2]
2024-07-11 09:59:25,594 INFO [restartedMain] o.s.s.c.ThreadPoolTaskScheduler [ExecutorConfigurationSupport.java:171] Initializing ExecutorService 'taskScheduler'
2024-07-11 09:59:25,653 INFO [restartedMain] o.s.b.d.a.OptionalLiveReloadServer [OptionalLiveReloadServer.java:57] LiveReload server is running on port 35729
2024-07-11 09:59:25,694 INFO [restartedMain] o.a.c.h.Http11NioProtocol [DirectJDKLog.java:173] Starting ProtocolHandler ["http-nio-8080"]
2024-07-11 09:59:25,706 INFO [restartedMain] o.s.b.w.e.t.TomcatWebServer [TomcatWebServer.java:204] Tomcat started on port(s): 8080 (http) with context path '/community'
2024-07-11 09:59:25,713 INFO [restartedMain] c.r.c.CommunityApplication [StartupInfoLogger.java:59] Started CommunityApplication in 4.238 seconds (JVM running for 5.009)
2024-07-11 10:00:58,436 INFO [http-nio-8080-exec-3] o.a.c.c.C.[.[.[/community] [DirectJDKLog.java:173] Initializing Spring DispatcherServlet 'dispatcherServlet'
2024-07-11 10:00:58,439 INFO [http-nio-8080-exec-3] o.s.w.s.DispatcherServlet [FrameworkServlet.java:524] Initializing Servlet 'dispatcherServlet'
2024-07-11 10:00:58,469 INFO [http-nio-8080-exec-3] o.s.w.s.DispatcherServlet [FrameworkServlet.java:546] Completed initialization in 30 ms
2024-07-11 10:00:58,647 INFO [http-nio-8080-exec-3] c.z.h.HikariDataSource [HikariDataSource.java:110] HikariPool-1 - Starting...
2024-07-11 10:00:58,772 INFO [http-nio-8080-exec-3] c.z.h.HikariDataSource [HikariDataSource.java:123] HikariPool-1 - Start completed.
2024-07-11 10:02:11,043 INFO [Thread-5] o.s.s.c.ThreadPoolTaskScheduler [ExecutorConfigurationSupport.java:208] Shutting down ExecutorService 'taskScheduler'
2024-07-11 10:02:11,051 INFO [Thread-5] o.s.s.c.ThreadPoolTaskExecutor [ExecutorConfigurationSupport.java:208] Shutting down ExecutorService 'applicationTaskExecutor'
2024-07-11 10:02:11,085 INFO [Thread-5] c.z.h.HikariDataSource [HikariDataSource.java:350] HikariPool-1 - Shutdown initiated...
2024-07-11 10:02:11,107 INFO [Thread-5] c.z.h.HikariDataSource [HikariDataSource.java:352] HikariPool-1 - Shutdown completed.
2024-07-11 10:02:12,593 INFO [restartedMain] c.r.c.CommunityApplication [StartupInfoLogger.java:50] Starting CommunityApplication on richdeMacBook-Pro.local with PID 93821 (/Users/rich/Documents/IdeaProjects/blogForum/target/classes started by rich in /Users/rich/Documents/IdeaProjects/blogForum)
2024-07-11 10:02:12,595 INFO [restartedMain] c.r.c.CommunityApplication [SpringApplication.java:675] No active profile set, falling back to default profiles: default
2024-07-11 10:02:12,903 INFO [restartedMain] o.s.d.r.c.RepositoryConfigurationDelegate [RepositoryConfigurationDelegate.java:244] Multiple Spring Data modules found, entering strict repository configuration mode!
2024-07-11 10:02:12,904 INFO [restartedMain] o.s.d.r.c.RepositoryConfigurationDelegate [RepositoryConfigurationDelegate.java:126] Bootstrapping Spring Data repositories in DEFAULT mode.
2024-07-11 10:02:12,919 INFO [restartedMain] o.s.d.r.c.RepositoryConfigurationDelegate [RepositoryConfigurationDelegate.java:182] Finished Spring Data repository scanning in 15ms. Found 0 repository interfaces.
2024-07-11 10:02:12,924 INFO [restartedMain] o.s.d.r.c.RepositoryConfigurationDelegate [RepositoryConfigurationDelegate.java:244] Multiple Spring Data modules found, entering strict repository configuration mode!
2024-07-11 10:02:12,924 INFO [restartedMain] o.s.d.r.c.RepositoryConfigurationDelegate [RepositoryConfigurationDelegate.java:126] Bootstrapping Spring Data repositories in DEFAULT mode.
2024-07-11 10:02:12,929 INFO [restartedMain] o.s.d.r.c.RepositoryConfigurationDelegate [RepositoryConfigurationDelegate.java:182] Finished Spring Data repository scanning in 5ms. Found 0 repository interfaces.
2024-07-11 10:02:13,065 INFO [restartedMain] o.s.c.s.PostProcessorRegistrationDelegate$BeanPostProcessorChecker [PostProcessorRegistrationDelegate.java:330] Bean 'org.springframework.kafka.annotation.KafkaBootstrapConfiguration' of type [org.springframework.kafka.annotation.KafkaBootstrapConfiguration$$EnhancerBySpringCGLIB$$5fc88b8b] is not eligible for getting processed by all BeanPostProcessors (for example: not eligible for auto-proxying)
2024-07-11 10:02:13,074 INFO [restartedMain] o.s.c.s.PostProcessorRegistrationDelegate$BeanPostProcessorChecker [PostProcessorRegistrationDelegate.java:330] Bean 'org.springframework.transaction.annotation.ProxyTransactionManagementConfiguration' of type [org.springframework.transaction.annotation.ProxyTransactionManagementConfiguration$$EnhancerBySpringCGLIB$$8c167a08] is not eligible for getting processed by all BeanPostProcessors (for example: not eligible for auto-proxying)
2024-07-11 10:02:13,149 INFO [restartedMain] o.s.b.w.e.t.TomcatWebServer [TomcatWebServer.java:90] Tomcat initialized with port(s): 8080 (http)
2024-07-11 10:02:13,151 INFO [restartedMain] o.a.c.h.Http11NioProtocol [DirectJDKLog.java:173] Initializing ProtocolHandler ["http-nio-8080"]
2024-07-11 10:02:13,152 INFO [restartedMain] o.a.c.c.StandardService [DirectJDKLog.java:173] Starting service [Tomcat]
2024-07-11 10:02:13,152 INFO [restartedMain] o.a.c.c.StandardEngine [DirectJDKLog.java:173] Starting Servlet engine: [Apache Tomcat/9.0.19]
2024-07-11 10:02:13,166 INFO [restartedMain] o.a.c.c.C.[.[.[/community] [DirectJDKLog.java:173] Initializing Spring embedded WebApplicationContext
2024-07-11 10:02:13,166 INFO [restartedMain] o.s.w.c.ContextLoader [ServletWebServerApplicationContext.java:296] Root WebApplicationContext: initialization completed in 562 ms
2024-07-11 10:02:13,541 INFO [restartedMain] o.s.s.c.ThreadPoolTaskExecutor [ExecutorConfigurationSupport.java:171] Initializing ExecutorService 'applicationTaskExecutor'
2024-07-11 10:02:13,707 INFO [restartedMain] o.s.b.a.s.s.UserDetailsServiceAutoConfiguration [UserDetailsServiceAutoConfiguration.java:87] 

Using generated security password: 7d3f806e-0c55-4607-9c29-d06275526007

2024-07-11 10:02:13,711 INFO [restartedMain] o.s.s.w.DefaultSecurityFilterChain [DefaultSecurityFilterChain.java:43] Creating filter chain: Ant [pattern='/resources/**'], []
2024-07-11 10:02:13,721 INFO [restartedMain] o.s.s.w.DefaultSecurityFilterChain [DefaultSecurityFilterChain.java:43] Creating filter chain: any request, [org.springframework.security.web.context.request.async.WebAsyncManagerIntegrationFilter@26de7a99, org.springframework.security.web.context.SecurityContextPersistenceFilter@1f28c356, org.springframework.security.web.header.HeaderWriterFilter@790a8f3a, org.springframework.security.web.authentication.logout.LogoutFilter@1a46d8d0, org.springframework.security.web.savedrequest.RequestCacheAwareFilter@6c04aea7, org.springframework.security.web.servletapi.SecurityContextHolderAwareRequestFilter@415a8f42, org.springframework.security.web.authentication.AnonymousAuthenticationFilter@6edcef9e, org.springframework.security.web.session.SessionManagementFilter@4bc210a1, org.springframework.security.web.access.ExceptionTranslationFilter@639209b5, org.springframework.security.web.access.intercept.FilterSecurityInterceptor@5bfc5734]
2024-07-11 10:02:13,728 INFO [restartedMain] o.s.s.c.ThreadPoolTaskScheduler [ExecutorConfigurationSupport.java:171] Initializing ExecutorService 'taskScheduler'
2024-07-11 10:02:13,749 INFO [restartedMain] o.s.b.d.a.OptionalLiveReloadServer [OptionalLiveReloadServer.java:57] LiveReload server is running on port 35729
2024-07-11 10:02:13,770 INFO [restartedMain] o.a.c.h.Http11NioProtocol [DirectJDKLog.java:173] Starting ProtocolHandler ["http-nio-8080"]
2024-07-11 10:02:13,775 INFO [restartedMain] o.s.b.w.e.t.TomcatWebServer [TomcatWebServer.java:204] Tomcat started on port(s): 8080 (http) with context path '/community'
2024-07-11 10:02:13,779 INFO [restartedMain] c.r.c.CommunityApplication [StartupInfoLogger.java:59] Started CommunityApplication in 1.282 seconds (JVM running for 173.076)
2024-07-11 10:02:13,787 INFO [restartedMain] o.s.b.d.a.ConditionEvaluationDeltaLoggingListener [ConditionEvaluationDeltaLoggingListener.java:70] Condition evaluation unchanged
2024-07-11 10:03:05,693 INFO [Thread-14] o.s.s.c.ThreadPoolTaskScheduler [ExecutorConfigurationSupport.java:208] Shutting down ExecutorService 'taskScheduler'
2024-07-11 10:03:05,698 INFO [Thread-14] o.s.s.c.ThreadPoolTaskExecutor [ExecutorConfigurationSupport.java:208] Shutting down ExecutorService 'applicationTaskExecutor'
